c:\users\wen\desktop\人智大作业\c++\project2\project2\x64\debug\vc143.pdb
c:\users\wen\desktop\人智大作业\c++\project2\project2\x64\debug\vc143.idb
c:\users\wen\desktop\人智大作业\c++\project2\project2\x64\debug\f9.obj
c:\users\wen\desktop\人智大作业\c++\project2\project2\x64\debug\f8.obj
c:\users\wen\desktop\人智大作业\c++\project2\project2\x64\debug\f7.obj
c:\users\wen\desktop\人智大作业\c++\project2\project2\x64\debug\f6.obj
c:\users\wen\desktop\人智大作业\c++\project2\project2\x64\debug\f5.obj
c:\users\wen\desktop\人智大作业\c++\project2\project2\x64\debug\f4.obj
c:\users\wen\desktop\人智大作业\c++\project2\project2\x64\debug\f3.obj
c:\users\wen\desktop\人智大作业\c++\project2\project2\x64\debug\f2.obj
c:\users\wen\desktop\人智大作业\c++\project2\project2\x64\debug\f15.obj
c:\users\wen\desktop\人智大作业\c++\project2\project2\x64\debug\f14.obj
c:\users\wen\desktop\人智大作业\c++\project2\project2\x64\debug\f13.obj
c:\users\wen\desktop\人智大作业\c++\project2\project2\x64\debug\f12.obj
c:\users\wen\desktop\人智大作业\c++\project2\project2\x64\debug\f11.obj
c:\users\wen\desktop\人智大作业\c++\project2\project2\x64\debug\f10.obj
c:\users\wen\desktop\人智大作业\c++\project2\project2\x64\debug\f1.obj
c:\users\wen\desktop\人智大作业\c++\project2\project2\x64\debug\demo.obj
c:\users\wen\desktop\人智大作业\c++\project2\project2\x64\debug\benchmarks.obj
c:\users\wen\desktop\人智大作业\c++\project2\project2\x64\debug\project2.ilk
c:\users\wen\desktop\人智大作业\c++\project2\x64\debug\project2.exe
c:\users\wen\desktop\人智大作业\c++\project2\x64\debug\project2.pdb
c:\users\wen\desktop\人智大作业\c++\project2\project2\x64\debug\project2.tlog\cl.command.1.tlog
c:\users\wen\desktop\人智大作业\c++\project2\project2\x64\debug\project2.tlog\cl.read.1.tlog
c:\users\wen\desktop\人智大作业\c++\project2\project2\x64\debug\project2.tlog\cl.write.1.tlog
c:\users\wen\desktop\人智大作业\c++\project2\project2\x64\debug\project2.tlog\link.command.1.tlog
c:\users\wen\desktop\人智大作业\c++\project2\project2\x64\debug\project2.tlog\link.read.1.tlog
c:\users\wen\desktop\人智大作业\c++\project2\project2\x64\debug\project2.tlog\link.write.1.tlog
